<?xml version="1.0" encoding="UTF-8"?>
<!-- Generated by org.testng.reporters.JUnitXMLReporter -->
<testsuite ignored="0" hostname="SCTL-BA-I3-14" failures="0" tests="3" name="Sanity Test Cases" time="87.387" errors="0" timestamp="31 Dec 2018 11:09:28 GMT">
  <testcase classname="in.dolna.qa.testcases.HomePageTestCases" name="verifyHomePageTitleTest" time="0.012"/>
  <testcase classname="in.dolna.qa.testcases.HomePageTestCases" name="verifyUserTitleTest" time="0.075"/>
  <testcase classname="in.dolna.qa.testcases.HomePageTestCases" name="verifyclickContactTest" time="7.876"/>
</testsuite> <!-- Sanity Test Cases -->
