<?xml version="1.0" encoding="UTF-8"?>
<!-- Generated by org.testng.reporters.JUnitXMLReporter -->
<testsuite ignored="0" hostname="SCTL-BA-I3-14" failures="0" tests="3" name="in.dolna.qa.testcases" time="74.94" errors="0" timestamp="18 Jan 2019 07:26:24 GMT">
  <testcase classname="in.dolna.qa.testcases.HomePageTestCases" name="verifyHomePageTitleTest" time="0.009"/>
  <testcase classname="in.dolna.qa.testcases.HomePageTestCases" name="verifyUserTitleTest" time="0.057"/>
  <testcase classname="in.dolna.qa.testcases.HomePageTestCases" name="verifyclickContactTest" time="1.415"/>
</testsuite> <!-- in.dolna.qa.testcases -->
