<?xml version="1.0" encoding="UTF-8"?>
<!-- Generated by org.testng.reporters.JUnitXMLReporter -->
<testsuite ignored="0" hostname="SCTL-BA-I3-14" failures="0" tests="6" name="Test Cases Test Cases" time="154.459" errors="0" timestamp="24 Dec 2018 05:01:35 GMT">
  <testcase classname="in.dolna.qa.testcases.HomePageTestCases" name="verifyHomePageTitleTest" time="0.016"/>
  <testcase classname="in.dolna.qa.testcases.HomePageTestCases" name="verifyUserTitleTest" time="0.057"/>
  <testcase classname="in.dolna.qa.testcases.HomePageTestCases" name="verifyclickContactTest" time="1.53"/>
  <testcase classname="in.dolna.qa.testcases.ContactPageTestCase" name="verifyContactLabelTest" time="0.022"/>
  <testcase classname="in.dolna.qa.testcases.ContactPageTestCase" name="verifySelectContactTest" time="0.13"/>
  <testcase classname="in.dolna.qa.testcases.ContactPageTestCase" name="verifyTitleTest" time="0.007"/>
</testsuite> <!-- Test Cases Test Cases -->
